<?xml version="1.0" encoding="UTF-8"?>
<!-- Generated by org.testng.reporters.JUnitXMLReporter -->
<testsuite ignored="24" hostname="LAPTOP-H1444TJK" failures="0" tests="1" name="Default test" time="12.975" errors="0" timestamp="2023-03-09T20:50:40 IST">
  <testcase classname="SeleniumBasicCommands.SeleniumCommands" name="TC_25_verifyTextInAFrame" time="9.04"/>
  <testcase classname="SeleniumBasicCommands.SeleniumCommands" name="TC_017_verifyIsSelected" time="0.0">
    <ignored/>
  </testcase> <!-- TC_017_verifyIsSelected -->
  <testcase classname="SeleniumBasicCommands.SeleniumCommands" name="TC_002_verifySingleInputFieldMessage" time="0.0">
    <ignored/>
  </testcase> <!-- TC_002_verifySingleInputFieldMessage -->
  <testcase classname="SeleniumBasicCommands.SeleniumCommands" name="TC_019_verifyTheMessageDisplayedInNewTab" time="0.0">
    <ignored/>
  </testcase> <!-- TC_019_verifyTheMessageDisplayedInNewTab -->
  <testcase classname="SeleniumBasicCommands.SeleniumCommands" name="TC_018_verifyIsEnabled" time="0.0">
    <ignored/>
  </testcase> <!-- TC_018_verifyIsEnabled -->
  <testcase classname="SeleniumBasicCommands.SeleniumCommands" name="TC_013_verifyRefresh" time="0.0">
    <ignored/>
  </testcase> <!-- TC_013_verifyRefresh -->
  <testcase classname="SeleniumBasicCommands.SeleniumCommands" name="TC_004_verifyDemoShopLoginPage" time="0.0">
    <ignored/>
  </testcase> <!-- TC_004_verifyDemoShopLoginPage -->
  <testcase classname="SeleniumBasicCommands.SeleniumCommands" name="TC_012_verifyNavigateTo" time="0.0">
    <ignored/>
  </testcase> <!-- TC_012_verifyNavigateTo -->
  <testcase classname="SeleniumBasicCommands.SeleniumCommands" name="TC_24_verifyPromptAlert" time="0.0">
    <ignored/>
  </testcase> <!-- TC_24_verifyPromptAlert -->
  <testcase classname="SeleniumBasicCommands.SeleniumCommands" name="TC_023_verifyConfirmAlert" time="0.0">
    <ignored/>
  </testcase> <!-- TC_023_verifyConfirmAlert -->
  <testcase classname="SeleniumBasicCommands.SeleniumCommands" name="TC_006_verifyEmptyFieldValidation" time="0.0">
    <ignored/>
  </testcase> <!-- TC_006_verifyEmptyFieldValidation -->
  <testcase classname="SeleniumBasicCommands.SeleniumCommands" name="TC_014_verifyForwardAndBackwordnavigation" time="0.0">
    <ignored/>
  </testcase> <!-- TC_014_verifyForwardAndBackwordnavigation -->
  <testcase classname="SeleniumBasicCommands.SeleniumCommands" name="TC_001_verifyObsquraTitle" time="0.0">
    <ignored/>
  </testcase> <!-- TC_001_verifyObsquraTitle -->
  <testcase classname="SeleniumBasicCommands.SeleniumCommands" name="TC_004_verifyLocators" time="0.0">
    <ignored/>
  </testcase> <!-- TC_004_verifyLocators -->
  <testcase classname="SeleniumBasicCommands.SeleniumCommands" name="TC_016_verifyIsDisplayed" time="0.0">
    <ignored/>
  </testcase> <!-- TC_016_verifyIsDisplayed -->
  <testcase classname="SeleniumBasicCommands.SeleniumCommands" name="TC_007_verifyEmptyStateZipCode" time="0.0">
    <ignored/>
  </testcase> <!-- TC_007_verifyEmptyStateZipCode -->
  <testcase classname="SeleniumBasicCommands.SeleniumCommands" name="TC_020_verifyTheMessageDisplayedInNewWindow" time="0.0">
    <ignored/>
  </testcase> <!-- TC_020_verifyTheMessageDisplayedInNewWindow -->
  <testcase classname="SeleniumBasicCommands.SeleniumCommands" name="Tc_008_verifySuccessfulFormSubmission" time="0.0">
    <ignored/>
  </testcase> <!-- Tc_008_verifySuccessfulFormSubmission -->
  <testcase classname="SeleniumBasicCommands.SeleniumCommands" name="TC_015_verifyWebElementsCommands" time="0.0">
    <ignored/>
  </testcase> <!-- TC_015_verifyWebElementsCommands -->
  <testcase classname="SeleniumBasicCommands.SeleniumCommands" name="TC_005_verifyNewToursRegistration" time="0.0">
    <ignored/>
  </testcase> <!-- TC_005_verifyNewToursRegistration -->
  <testcase classname="SeleniumBasicCommands.SeleniumCommands" name="TC_011_verifyInstantDemoRequestForm" time="0.0">
    <ignored/>
  </testcase> <!-- TC_011_verifyInstantDemoRequestForm -->
  <testcase classname="SeleniumBasicCommands.SeleniumCommands" name="TC_009_verifyNewLetterSubscriptionUsingCSSSelector" time="0.0">
    <ignored/>
  </testcase> <!-- TC_009_verifyNewLetterSubscriptionUsingCSSSelector -->
  <testcase classname="SeleniumBasicCommands.SeleniumCommands" name="TC_21_verifySimpleAlert" time="0.0">
    <ignored/>
  </testcase> <!-- TC_21_verifySimpleAlert -->
  <testcase classname="SeleniumBasicCommands.SeleniumCommands" name="TC_003_verifyTwoInputFieldMessage" time="0.0">
    <ignored/>
  </testcase> <!-- TC_003_verifyTwoInputFieldMessage -->
  <testcase classname="SeleniumBasicCommands.SeleniumCommands" name="TC_010_verifyQuitAndClose" time="0.0">
    <ignored/>
  </testcase> <!-- TC_010_verifyQuitAndClose -->
</testsuite> <!-- Default test -->
