<?xml version="1.0" encoding="UTF-8"?>
<testng-results ignored="24" total="25" passed="1" failed="0" skipped="0">
  <reporter-output>
  </reporter-output>
  <suite started-at="2023-03-09T20:50:27 IST" name="Default suite" finished-at="2023-03-09T20:50:40 IST" duration-ms="12975">
    <groups>
    </groups>
    <test started-at="2023-03-09T20:50:27 IST" name="Default test" finished-at="2023-03-09T20:50:40 IST" duration-ms="12975">
      <class name="SeleniumBasicCommands.SeleniumCommands">
        <test-method is-config="true" signature="setUp()[pri:0, instance:SeleniumBasicCommands.SeleniumCommands@6bd61f98]" started-at="2023-03-09T20:50:27 IST" name="setUp" finished-at="2023-03-09T20:50:30 IST" duration-ms="3251" status="PASS">
          <reporter-output>
          </reporter-output>
        </test-method> <!-- setUp -->
        <test-method signature="TC_25_verifyTextInAFrame()[pri:0, instance:SeleniumBasicCommands.SeleniumCommands@6bd61f98]" started-at="2023-03-09T20:50:30 IST" name="TC_25_verifyTextInAFrame" finished-at="2023-03-09T20:50:39 IST" duration-ms="9040" status="PASS">
          <reporter-output>
          </reporter-output>
        </test-method> <!-- TC_25_verifyTextInAFrame -->
        <test-method is-config="true" signature="tearDown()[pri:0, instance:SeleniumBasicCommands.SeleniumCommands@6bd61f98]" started-at="2023-03-09T20:50:39 IST" name="tearDown" finished-at="2023-03-09T20:50:40 IST" duration-ms="600" status="PASS">
          <reporter-output>
          </reporter-output>
        </test-method> <!-- tearDown -->
      </class> <!-- SeleniumBasicCommands.SeleniumCommands -->
    </test> <!-- Default test -->
  </suite> <!-- Default suite -->
</testng-results>
