<?xml version="1.0" encoding="UTF-8"?>
<testng-results ignored="18" total="19" passed="1" failed="0" skipped="0">
  <reporter-output>
  </reporter-output>
  <suite started-at="2023-03-07T12:57:48 IST" name="Default suite" finished-at="2023-03-07T12:57:54 IST" duration-ms="5725">
    <groups>
    </groups>
    <test started-at="2023-03-07T12:57:48 IST" name="Default test" finished-at="2023-03-07T12:57:54 IST" duration-ms="5725">
      <class name="SeleniumBasicCommands.SeleniumCommands">
        <test-method is-config="true" signature="setUp()[pri:0, instance:SeleniumBasicCommands.SeleniumCommands@428640fa]" started-at="2023-03-07T12:57:48 IST" name="setUp" finished-at="2023-03-07T12:57:50 IST" duration-ms="2492" status="PASS">
          <reporter-output>
          </reporter-output>
        </test-method> <!-- setUp -->
        <test-method signature="TC_016_verifyIsDisplayed()[pri:0, instance:SeleniumBasicCommands.SeleniumCommands@428640fa]" started-at="2023-03-07T12:57:50 IST" name="TC_016_verifyIsDisplayed" finished-at="2023-03-07T12:57:53 IST" duration-ms="2601" status="PASS">
          <reporter-output>
          </reporter-output>
        </test-method> <!-- TC_016_verifyIsDisplayed -->
        <test-method is-config="true" signature="tearDown()[pri:0, instance:SeleniumBasicCommands.SeleniumCommands@428640fa]" started-at="2023-03-07T12:57:53 IST" name="tearDown" finished-at="2023-03-07T12:57:54 IST" duration-ms="571" status="PASS">
          <reporter-output>
          </reporter-output>
        </test-method> <!-- tearDown -->
      </class> <!-- SeleniumBasicCommands.SeleniumCommands -->
    </test> <!-- Default test -->
  </suite> <!-- Default suite -->
</testng-results>
